{"C:\\Users\\kaurs\\kaur_karmjeet_backend_assignment2\\src\\app.ts": {"path":"C:\\Users\\kaurs\\kaur_karmjeet_backend_assignment2\\src\\app.ts","statementMap":{"0":{"start":{"line":1,"column":0},"end":{"line":1,"column":30}},"1":{"start":{"line":2,"column":0},"end":{"line":2,"column":28}},"2":{"start":{"line":4,"column":0},"end":{"line":4,"column":60}},"3":{"start":{"line":5,"column":0},"end":{"line":5,"column":56}},"4":{"start":{"line":7,"column":12},"end":{"line":7,"column":21}},"5":{"start":{"line":9,"column":0},"end":{"line":9,"column":28}},"6":{"start":{"line":10,"column":0},"end":{"line":10,"column":24}},"7":{"start":{"line":13,"column":0},"end":{"line":15,"column":3}},"8":{"start":{"line":14,"column":2},"end":{"line":14,"column":32}},"9":{"start":{"line":18,"column":0},"end":{"line":18,"column":38}},"10":{"start":{"line":19,"column":0},"end":{"line":19,"column":35}},"11":{"start":{"line":21,"column":0},"end":{"line":21,"column":19}}},"fnMap":{"0":{"name":"(anonymous_1)","decl":{"start":{"line":13,"column":19},"end":{"line":13,"column":20}},"loc":{"start":{"line":13,"column":32},"end":{"line":15,"column":1}}}},"branchMap":{},"s":{"0":3,"1":3,"2":3,"3":3,"4":3,"5":3,"6":3,"7":3,"8":1,"9":3,"10":3,"11":3},"f":{"0":1},"b":{}}
,"C:\\Users\\kaurs\\kaur_karmjeet_backend_assignment2\\src\\api\\v1\\routes\\branchRoutes.ts": {"path":"C:\\Users\\kaurs\\kaur_karmjeet_backend_assignment2\\src\\api\\v1\\routes\\branchRoutes.ts","statementMap":{"0":{"start":{"line":1,"column":0},"end":{"line":1,"column":30}},"1":{"start":{"line":2,"column":0},"end":{"line":2,"column":74}},"2":{"start":{"line":4,"column":15},"end":{"line":4,"column":31}},"3":{"start":{"line":6,"column":0},"end":{"line":6,"column":58}},"4":{"start":{"line":6,"column":30},"end":{"line":6,"column":56}},"5":{"start":{"line":8,"column":0},"end":{"line":13,"column":3}},"6":{"start":{"line":9,"column":13},"end":{"line":9,"column":36}},"7":{"start":{"line":10,"column":17},"end":{"line":10,"column":34}},"8":{"start":{"line":11,"column":2},"end":{"line":12,"column":61}},"9":{"start":{"line":11,"column":14},"end":{"line":11,"column":31}},"10":{"start":{"line":12,"column":7},"end":{"line":12,"column":61}},"11":{"start":{"line":15,"column":0},"end":{"line":15,"column":22}}},"fnMap":{"0":{"name":"(anonymous_1)","decl":{"start":{"line":6,"column":16},"end":{"line":6,"column":17}},"loc":{"start":{"line":6,"column":30},"end":{"line":6,"column":56}}},"1":{"name":"(anonymous_2)","decl":{"start":{"line":8,"column":19},"end":{"line":8,"column":20}},"loc":{"start":{"line":8,"column":32},"end":{"line":13,"column":1}}}},"branchMap":{"0":{"loc":{"start":{"line":11,"column":2},"end":{"line":12,"column":61}},"type":"if","locations":[{"start":{"line":11,"column":2},"end":{"line":12,"column":61}},{"start":{"line":12,"column":7},"end":{"line":12,"column":61}}]}},"s":{"0":3,"1":3,"2":3,"3":3,"4":1,"5":3,"6":1,"7":1,"8":1,"9":1,"10":0,"11":3},"f":{"0":1,"1":1},"b":{"0":[1,0]}}
,"C:\\Users\\kaurs\\kaur_karmjeet_backend_assignment2\\src\\api\\v1\\routes\\employeeRoutes.ts": {"path":"C:\\Users\\kaurs\\kaur_karmjeet_backend_assignment2\\src\\api\\v1\\routes\\employeeRoutes.ts","statementMap":{"0":{"start":{"line":1,"column":0},"end":{"line":1,"column":30}},"1":{"start":{"line":2,"column":0},"end":{"line":2,"column":124}},"2":{"start":{"line":4,"column":15},"end":{"line":4,"column":31}},"3":{"start":{"line":6,"column":0},"end":{"line":6,"column":59}},"4":{"start":{"line":6,"column":30},"end":{"line":6,"column":57}},"5":{"start":{"line":8,"column":0},"end":{"line":13,"column":3}},"6":{"start":{"line":9,"column":13},"end":{"line":9,"column":36}},"7":{"start":{"line":10,"column":19},"end":{"line":10,"column":38}},"8":{"start":{"line":11,"column":2},"end":{"line":12,"column":63}},"9":{"start":{"line":11,"column":16},"end":{"line":11,"column":35}},"10":{"start":{"line":12,"column":7},"end":{"line":12,"column":63}},"11":{"start":{"line":15,"column":0},"end":{"line":19,"column":3}},"12":{"start":{"line":16,"column":22},"end":{"line":16,"column":30}},"13":{"start":{"line":17,"column":2},"end":{"line":17,"column":27}},"14":{"start":{"line":18,"column":2},"end":{"line":18,"column":36}},"15":{"start":{"line":21,"column":0},"end":{"line":26,"column":3}},"16":{"start":{"line":22,"column":13},"end":{"line":22,"column":36}},"17":{"start":{"line":23,"column":22},"end":{"line":23,"column":30}},"18":{"start":{"line":24,"column":2},"end":{"line":24,"column":34}},"19":{"start":{"line":25,"column":2},"end":{"line":25,"column":44}},"20":{"start":{"line":28,"column":0},"end":{"line":32,"column":3}},"21":{"start":{"line":29,"column":13},"end":{"line":29,"column":36}},"22":{"start":{"line":30,"column":2},"end":{"line":30,"column":21}},"23":{"start":{"line":31,"column":2},"end":{"line":31,"column":44}},"24":{"start":{"line":34,"column":0},"end":{"line":34,"column":22}}},"fnMap":{"0":{"name":"(anonymous_1)","decl":{"start":{"line":6,"column":16},"end":{"line":6,"column":17}},"loc":{"start":{"line":6,"column":30},"end":{"line":6,"column":57}}},"1":{"name":"(anonymous_2)","decl":{"start":{"line":8,"column":19},"end":{"line":8,"column":20}},"loc":{"start":{"line":8,"column":32},"end":{"line":13,"column":1}}},"2":{"name":"(anonymous_3)","decl":{"start":{"line":15,"column":17},"end":{"line":15,"column":18}},"loc":{"start":{"line":15,"column":30},"end":{"line":19,"column":1}}},"3":{"name":"(anonymous_4)","decl":{"start":{"line":21,"column":19},"end":{"line":21,"column":20}},"loc":{"start":{"line":21,"column":32},"end":{"line":26,"column":1}}},"4":{"name":"(anonymous_5)","decl":{"start":{"line":28,"column":22},"end":{"line":28,"column":23}},"loc":{"start":{"line":28,"column":35},"end":{"line":32,"column":1}}}},"branchMap":{"0":{"loc":{"start":{"line":11,"column":2},"end":{"line":12,"column":63}},"type":"if","locations":[{"start":{"line":11,"column":2},"end":{"line":12,"column":63}},{"start":{"line":12,"column":7},"end":{"line":12,"column":63}}]}},"s":{"0":3,"1":3,"2":3,"3":3,"4":1,"5":3,"6":1,"7":1,"8":1,"9":1,"10":0,"11":3,"12":0,"13":0,"14":0,"15":3,"16":0,"17":0,"18":0,"19":0,"20":3,"21":0,"22":0,"23":0,"24":3},"f":{"0":1,"1":1,"2":0,"3":0,"4":0},"b":{"0":[1,0]}}
,"C:\\Users\\kaurs\\kaur_karmjeet_backend_assignment2\\src\\api\\v1\\services\\branchService.ts": {"path":"C:\\Users\\kaurs\\kaur_karmjeet_backend_assignment2\\src\\api\\v1\\services\\branchService.ts","statementMap":{"0":{"start":{"line":1,"column":0},"end":{"line":1,"column":58}},"1":{"start":{"line":4,"column":30},"end":{"line":4,"column":54}},"2":{"start":{"line":4,"column":46},"end":{"line":4,"column":54}},"3":{"start":{"line":4,"column":13},"end":{"line":4,"column":30}},"4":{"start":{"line":7,"column":29},"end":{"line":8,"column":53}},"5":{"start":{"line":8,"column":2},"end":{"line":8,"column":53}},"6":{"start":{"line":8,"column":36},"end":{"line":8,"column":52}},"7":{"start":{"line":7,"column":13},"end":{"line":7,"column":29}}},"fnMap":{"0":{"name":"(anonymous_0)","decl":{"start":{"line":4,"column":30},"end":{"line":4,"column":43}},"loc":{"start":{"line":4,"column":46},"end":{"line":4,"column":54}}},"1":{"name":"(anonymous_1)","decl":{"start":{"line":7,"column":29},"end":{"line":7,"column":30}},"loc":{"start":{"line":8,"column":2},"end":{"line":8,"column":53}}},"2":{"name":"(anonymous_2)","decl":{"start":{"line":8,"column":16},"end":{"line":8,"column":17}},"loc":{"start":{"line":8,"column":36},"end":{"line":8,"column":52}}}},"branchMap":{},"s":{"0":3,"1":3,"2":1,"3":3,"4":3,"5":1,"6":1,"7":3},"f":{"0":1,"1":1,"2":1},"b":{}}
,"C:\\Users\\kaurs\\kaur_karmjeet_backend_assignment2\\src\\api\\v1\\services\\employeeService.ts": {"path":"C:\\Users\\kaurs\\kaur_karmjeet_backend_assignment2\\src\\api\\v1\\services\\employeeService.ts","statementMap":{"0":{"start":{"line":1,"column":0},"end":{"line":1,"column":62}},"1":{"start":{"line":5,"column":31},"end":{"line":5,"column":58}},"2":{"start":{"line":5,"column":49},"end":{"line":5,"column":58}},"3":{"start":{"line":5,"column":13},"end":{"line":5,"column":31}},"4":{"start":{"line":8,"column":31},"end":{"line":9,"column":50}},"5":{"start":{"line":9,"column":2},"end":{"line":9,"column":50}},"6":{"start":{"line":9,"column":36},"end":{"line":9,"column":49}},"7":{"start":{"line":8,"column":13},"end":{"line":8,"column":31}},"8":{"start":{"line":12,"column":27},"end":{"line":14,"column":1}},"9":{"start":{"line":13,"column":2},"end":{"line":13,"column":27}},"10":{"start":{"line":12,"column":13},"end":{"line":12,"column":27}},"11":{"start":{"line":17,"column":30},"end":{"line":22,"column":1}},"12":{"start":{"line":18,"column":16},"end":{"line":18,"column":69}},"13":{"start":{"line":18,"column":55},"end":{"line":18,"column":68}},"14":{"start":{"line":19,"column":2},"end":{"line":21,"column":3}},"15":{"start":{"line":20,"column":4},"end":{"line":20,"column":63}},"16":{"start":{"line":17,"column":13},"end":{"line":17,"column":30}},"17":{"start":{"line":25,"column":30},"end":{"line":30,"column":1}},"18":{"start":{"line":26,"column":16},"end":{"line":26,"column":69}},"19":{"start":{"line":26,"column":55},"end":{"line":26,"column":68}},"20":{"start":{"line":27,"column":2},"end":{"line":29,"column":3}},"21":{"start":{"line":28,"column":4},"end":{"line":28,"column":31}},"22":{"start":{"line":25,"column":13},"end":{"line":25,"column":30}}},"fnMap":{"0":{"name":"(anonymous_0)","decl":{"start":{"line":5,"column":31},"end":{"line":5,"column":46}},"loc":{"start":{"line":5,"column":49},"end":{"line":5,"column":58}}},"1":{"name":"(anonymous_1)","decl":{"start":{"line":8,"column":31},"end":{"line":8,"column":32}},"loc":{"start":{"line":9,"column":2},"end":{"line":9,"column":50}}},"2":{"name":"(anonymous_2)","decl":{"start":{"line":9,"column":17},"end":{"line":9,"column":18}},"loc":{"start":{"line":9,"column":36},"end":{"line":9,"column":49}}},"3":{"name":"(anonymous_3)","decl":{"start":{"line":12,"column":27},"end":{"line":12,"column":28}},"loc":{"start":{"line":12,"column":56},"end":{"line":14,"column":1}}},"4":{"name":"(anonymous_4)","decl":{"start":{"line":17,"column":30},"end":{"line":17,"column":31}},"loc":{"start":{"line":17,"column":83},"end":{"line":22,"column":1}}},"5":{"name":"(anonymous_5)","decl":{"start":{"line":18,"column":36},"end":{"line":18,"column":37}},"loc":{"start":{"line":18,"column":55},"end":{"line":18,"column":68}}},"6":{"name":"(anonymous_6)","decl":{"start":{"line":25,"column":30},"end":{"line":25,"column":31}},"loc":{"start":{"line":25,"column":51},"end":{"line":30,"column":1}}},"7":{"name":"(anonymous_7)","decl":{"start":{"line":26,"column":36},"end":{"line":26,"column":37}},"loc":{"start":{"line":26,"column":55},"end":{"line":26,"column":68}}}},"branchMap":{"0":{"loc":{"start":{"line":19,"column":2},"end":{"line":21,"column":3}},"type":"if","locations":[{"start":{"line":19,"column":2},"end":{"line":21,"column":3}},{"start":{},"end":{}}]},"1":{"loc":{"start":{"line":27,"column":2},"end":{"line":29,"column":3}},"type":"if","locations":[{"start":{"line":27,"column":2},"end":{"line":29,"column":3}},{"start":{},"end":{}}]}},"s":{"0":3,"1":3,"2":1,"3":3,"4":3,"5":1,"6":1,"7":3,"8":3,"9":0,"10":3,"11":3,"12":0,"13":0,"14":0,"15":0,"16":3,"17":3,"18":0,"19":0,"20":0,"21":0,"22":3},"f":{"0":1,"1":1,"2":1,"3":0,"4":0,"5":0,"6":0,"7":0},"b":{"0":[0,0],"1":[0,0]}}
,"C:\\Users\\kaurs\\kaur_karmjeet_backend_assignment2\\src\\data\\branches.ts": {"path":"C:\\Users\\kaurs\\kaur_karmjeet_backend_assignment2\\src\\data\\branches.ts","statementMap":{"0":{"start":{"line":8,"column":13},"end":{"line":19,"column":2}}},"fnMap":{},"branchMap":{},"s":{"0":3},"f":{},"b":{}}
,"C:\\Users\\kaurs\\kaur_karmjeet_backend_assignment2\\src\\data\\employees.ts": {"path":"C:\\Users\\kaurs\\kaur_karmjeet_backend_assignment2\\src\\data\\employees.ts","statementMap":{"0":{"start":{"line":11,"column":13},"end":{"line":47,"column":2}}},"fnMap":{},"branchMap":{},"s":{"0":3},"f":{},"b":{}}
}
