{"C:\\Users\\kaurs\\kaur_karmjeet_backend_assignment2\\src\\app.ts": {"path":"C:\\Users\\kaurs\\kaur_karmjeet_backend_assignment2\\src\\app.ts","statementMap":{"0":{"start":{"line":2,"column":0},"end":{"line":2,"column":30}},"1":{"start":{"line":3,"column":0},"end":{"line":3,"column":28}},"2":{"start":{"line":5,"column":0},"end":{"line":5,"column":60}},"3":{"start":{"line":6,"column":0},"end":{"line":6,"column":56}},"4":{"start":{"line":8,"column":12},"end":{"line":8,"column":21}},"5":{"start":{"line":10,"column":0},"end":{"line":10,"column":28}},"6":{"start":{"line":11,"column":0},"end":{"line":11,"column":24}},"7":{"start":{"line":14,"column":0},"end":{"line":14,"column":77}},"8":{"start":{"line":14,"column":34},"end":{"line":14,"column":75}},"9":{"start":{"line":17,"column":0},"end":{"line":17,"column":45}},"10":{"start":{"line":18,"column":0},"end":{"line":18,"column":38}},"11":{"start":{"line":19,"column":0},"end":{"line":19,"column":42}},"12":{"start":{"line":20,"column":0},"end":{"line":20,"column":35}},"13":{"start":{"line":22,"column":0},"end":{"line":22,"column":19}}},"fnMap":{"0":{"name":"(anonymous_1)","decl":{"start":{"line":14,"column":19},"end":{"line":14,"column":20}},"loc":{"start":{"line":14,"column":34},"end":{"line":14,"column":75}}}},"branchMap":{},"s":{"0":7,"1":7,"2":7,"3":7,"4":7,"5":7,"6":7,"7":7,"8":1,"9":7,"10":7,"11":7,"12":7,"13":7},"f":{"0":1},"b":{}}
,"C:\\Users\\kaurs\\kaur_karmjeet_backend_assignment2\\src\\api\\v1\\controllers\\branchController.ts": {"path":"C:\\Users\\kaurs\\kaur_karmjeet_backend_assignment2\\src\\api\\v1\\controllers\\branchController.ts","statementMap":{"0":{"start":{"line":4,"column":12},"end":{"line":15,"column":2}},"1":{"start":{"line":18,"column":30},"end":{"line":20,"column":1}},"2":{"start":{"line":19,"column":2},"end":{"line":19,"column":33}},"3":{"start":{"line":18,"column":13},"end":{"line":18,"column":30}},"4":{"start":{"line":23,"column":29},"end":{"line":28,"column":1}},"5":{"start":{"line":24,"column":13},"end":{"line":24,"column":36}},"6":{"start":{"line":25,"column":17},"end":{"line":25,"column":48}},"7":{"start":{"line":25,"column":36},"end":{"line":25,"column":47}},"8":{"start":{"line":26,"column":2},"end":{"line":26,"column":76}},"9":{"start":{"line":26,"column":15},"end":{"line":26,"column":76}},"10":{"start":{"line":27,"column":2},"end":{"line":27,"column":31}},"11":{"start":{"line":23,"column":13},"end":{"line":23,"column":29}},"12":{"start":{"line":31,"column":28},"end":{"line":43,"column":1}},"13":{"start":{"line":32,"column":35},"end":{"line":32,"column":43}},"14":{"start":{"line":33,"column":2},"end":{"line":33,"column":103}},"15":{"start":{"line":33,"column":35},"end":{"line":33,"column":103}},"16":{"start":{"line":35,"column":28},"end":{"line":40,"column":4}},"17":{"start":{"line":36,"column":56},"end":{"line":36,"column":60}},"18":{"start":{"line":41,"column":2},"end":{"line":41,"column":27}},"19":{"start":{"line":42,"column":2},"end":{"line":42,"column":34}},"20":{"start":{"line":31,"column":13},"end":{"line":31,"column":28}},"21":{"start":{"line":46,"column":28},"end":{"line":57,"column":1}},"22":{"start":{"line":47,"column":13},"end":{"line":47,"column":36}},"23":{"start":{"line":48,"column":17},"end":{"line":48,"column":48}},"24":{"start":{"line":48,"column":36},"end":{"line":48,"column":47}},"25":{"start":{"line":49,"column":2},"end":{"line":49,"column":76}},"26":{"start":{"line":49,"column":15},"end":{"line":49,"column":76}},"27":{"start":{"line":51,"column":35},"end":{"line":51,"column":43}},"28":{"start":{"line":52,"column":2},"end":{"line":52,"column":31}},"29":{"start":{"line":52,"column":12},"end":{"line":52,"column":31}},"30":{"start":{"line":53,"column":2},"end":{"line":53,"column":40}},"31":{"start":{"line":53,"column":15},"end":{"line":53,"column":40}},"32":{"start":{"line":54,"column":2},"end":{"line":54,"column":34}},"33":{"start":{"line":54,"column":13},"end":{"line":54,"column":34}},"34":{"start":{"line":56,"column":2},"end":{"line":56,"column":31}},"35":{"start":{"line":46,"column":13},"end":{"line":46,"column":28}},"36":{"start":{"line":60,"column":28},"end":{"line":67,"column":1}},"37":{"start":{"line":61,"column":13},"end":{"line":61,"column":36}},"38":{"start":{"line":62,"column":16},"end":{"line":62,"column":52}},"39":{"start":{"line":62,"column":40},"end":{"line":62,"column":51}},"40":{"start":{"line":63,"column":2},"end":{"line":63,"column":81}},"41":{"start":{"line":63,"column":20},"end":{"line":63,"column":81}},"42":{"start":{"line":65,"column":2},"end":{"line":65,"column":28}},"43":{"start":{"line":66,"column":2},"end":{"line":66,"column":67}},"44":{"start":{"line":60,"column":13},"end":{"line":60,"column":28}}},"fnMap":{"0":{"name":"(anonymous_0)","decl":{"start":{"line":18,"column":30},"end":{"line":18,"column":31}},"loc":{"start":{"line":18,"column":63},"end":{"line":20,"column":1}}},"1":{"name":"(anonymous_1)","decl":{"start":{"line":23,"column":29},"end":{"line":23,"column":30}},"loc":{"start":{"line":23,"column":61},"end":{"line":28,"column":1}}},"2":{"name":"(anonymous_2)","decl":{"start":{"line":25,"column":31},"end":{"line":25,"column":32}},"loc":{"start":{"line":25,"column":36},"end":{"line":25,"column":47}}},"3":{"name":"(anonymous_3)","decl":{"start":{"line":31,"column":28},"end":{"line":31,"column":29}},"loc":{"start":{"line":31,"column":60},"end":{"line":43,"column":1}}},"4":{"name":"(anonymous_4)","decl":{"start":{"line":36,"column":51},"end":{"line":36,"column":52}},"loc":{"start":{"line":36,"column":56},"end":{"line":36,"column":60}}},"5":{"name":"(anonymous_5)","decl":{"start":{"line":46,"column":28},"end":{"line":46,"column":29}},"loc":{"start":{"line":46,"column":60},"end":{"line":57,"column":1}}},"6":{"name":"(anonymous_6)","decl":{"start":{"line":48,"column":31},"end":{"line":48,"column":32}},"loc":{"start":{"line":48,"column":36},"end":{"line":48,"column":47}}},"7":{"name":"(anonymous_7)","decl":{"start":{"line":60,"column":28},"end":{"line":60,"column":29}},"loc":{"start":{"line":60,"column":60},"end":{"line":67,"column":1}}},"8":{"name":"(anonymous_8)","decl":{"start":{"line":62,"column":35},"end":{"line":62,"column":36}},"loc":{"start":{"line":62,"column":40},"end":{"line":62,"column":51}}}},"branchMap":{"0":{"loc":{"start":{"line":26,"column":2},"end":{"line":26,"column":76}},"type":"if","locations":[{"start":{"line":26,"column":2},"end":{"line":26,"column":76}},{"start":{},"end":{}}]},"1":{"loc":{"start":{"line":33,"column":2},"end":{"line":33,"column":103}},"type":"if","locations":[{"start":{"line":33,"column":2},"end":{"line":33,"column":103}},{"start":{},"end":{}}]},"2":{"loc":{"start":{"line":33,"column":6},"end":{"line":33,"column":33}},"type":"binary-expr","locations":[{"start":{"line":33,"column":6},"end":{"line":33,"column":11}},{"start":{"line":33,"column":15},"end":{"line":33,"column":23}},{"start":{"line":33,"column":27},"end":{"line":33,"column":33}}]},"3":{"loc":{"start":{"line":36,"column":8},"end":{"line":36,"column":70}},"type":"cond-expr","locations":[{"start":{"line":36,"column":26},"end":{"line":36,"column":66}},{"start":{"line":36,"column":69},"end":{"line":36,"column":70}}]},"4":{"loc":{"start":{"line":49,"column":2},"end":{"line":49,"column":76}},"type":"if","locations":[{"start":{"line":49,"column":2},"end":{"line":49,"column":76}},{"start":{},"end":{}}]},"5":{"loc":{"start":{"line":52,"column":2},"end":{"line":52,"column":31}},"type":"if","locations":[{"start":{"line":52,"column":2},"end":{"line":52,"column":31}},{"start":{},"end":{}}]},"6":{"loc":{"start":{"line":53,"column":2},"end":{"line":53,"column":40}},"type":"if","locations":[{"start":{"line":53,"column":2},"end":{"line":53,"column":40}},{"start":{},"end":{}}]},"7":{"loc":{"start":{"line":54,"column":2},"end":{"line":54,"column":34}},"type":"if","locations":[{"start":{"line":54,"column":2},"end":{"line":54,"column":34}},{"start":{},"end":{}}]},"8":{"loc":{"start":{"line":63,"column":2},"end":{"line":63,"column":81}},"type":"if","locations":[{"start":{"line":63,"column":2},"end":{"line":63,"column":81}},{"start":{},"end":{}}]}},"s":{"0":7,"1":7,"2":2,"3":7,"4":7,"5":4,"6":4,"7":23,"8":4,"9":1,"10":3,"11":7,"12":7,"13":3,"14":3,"15":0,"16":3,"17":30,"18":3,"19":3,"20":7,"21":7,"22":1,"23":1,"24":1,"25":1,"26":0,"27":1,"28":1,"29":0,"30":1,"31":0,"32":1,"33":1,"34":1,"35":7,"36":7,"37":1,"38":1,"39":1,"40":1,"41":0,"42":1,"43":1,"44":7},"f":{"0":2,"1":4,"2":23,"3":3,"4":30,"5":1,"6":1,"7":1,"8":1},"b":{"0":[1,3],"1":[0,3],"2":[3,3,3],"3":[3,0],"4":[0,1],"5":[0,1],"6":[0,1],"7":[1,0],"8":[0,1]}}
,"C:\\Users\\kaurs\\kaur_karmjeet_backend_assignment2\\src\\api\\v1\\controllers\\employeeController.ts": {"path":"C:\\Users\\kaurs\\kaur_karmjeet_backend_assignment2\\src\\api\\v1\\controllers\\employeeController.ts","statementMap":{"0":{"start":{"line":12,"column":12},"end":{"line":48,"column":2}},"1":{"start":{"line":51,"column":31},"end":{"line":53,"column":1}},"2":{"start":{"line":52,"column":2},"end":{"line":52,"column":34}},"3":{"start":{"line":51,"column":13},"end":{"line":51,"column":31}},"4":{"start":{"line":56,"column":31},"end":{"line":61,"column":1}},"5":{"start":{"line":57,"column":13},"end":{"line":57,"column":36}},"6":{"start":{"line":58,"column":19},"end":{"line":58,"column":51}},"7":{"start":{"line":58,"column":39},"end":{"line":58,"column":50}},"8":{"start":{"line":59,"column":2},"end":{"line":59,"column":80}},"9":{"start":{"line":59,"column":17},"end":{"line":59,"column":80}},"10":{"start":{"line":60,"column":2},"end":{"line":60,"column":33}},"11":{"start":{"line":56,"column":13},"end":{"line":56,"column":31}},"12":{"start":{"line":64,"column":30},"end":{"line":81,"column":1}},"13":{"start":{"line":65,"column":65},"end":{"line":65,"column":73}},"14":{"start":{"line":66,"column":2},"end":{"line":68,"column":3}},"15":{"start":{"line":67,"column":4},"end":{"line":67,"column":72}},"16":{"start":{"line":70,"column":32},"end":{"line":78,"column":4}},"17":{"start":{"line":71,"column":58},"end":{"line":71,"column":62}},"18":{"start":{"line":79,"column":2},"end":{"line":79,"column":30}},"19":{"start":{"line":80,"column":2},"end":{"line":80,"column":36}},"20":{"start":{"line":64,"column":13},"end":{"line":64,"column":30}},"21":{"start":{"line":84,"column":30},"end":{"line":98,"column":1}},"22":{"start":{"line":85,"column":13},"end":{"line":85,"column":36}},"23":{"start":{"line":86,"column":19},"end":{"line":86,"column":51}},"24":{"start":{"line":86,"column":39},"end":{"line":86,"column":50}},"25":{"start":{"line":87,"column":2},"end":{"line":87,"column":80}},"26":{"start":{"line":87,"column":17},"end":{"line":87,"column":80}},"27":{"start":{"line":89,"column":65},"end":{"line":89,"column":73}},"28":{"start":{"line":90,"column":2},"end":{"line":90,"column":33}},"29":{"start":{"line":90,"column":12},"end":{"line":90,"column":33}},"30":{"start":{"line":91,"column":2},"end":{"line":91,"column":45}},"31":{"start":{"line":91,"column":16},"end":{"line":91,"column":45}},"32":{"start":{"line":92,"column":2},"end":{"line":92,"column":51}},"33":{"start":{"line":92,"column":18},"end":{"line":92,"column":51}},"34":{"start":{"line":93,"column":2},"end":{"line":93,"column":36}},"35":{"start":{"line":93,"column":13},"end":{"line":93,"column":36}},"36":{"start":{"line":94,"column":2},"end":{"line":94,"column":36}},"37":{"start":{"line":94,"column":13},"end":{"line":94,"column":36}},"38":{"start":{"line":95,"column":2},"end":{"line":95,"column":45}},"39":{"start":{"line":95,"column":16},"end":{"line":95,"column":45}},"40":{"start":{"line":97,"column":2},"end":{"line":97,"column":33}},"41":{"start":{"line":84,"column":13},"end":{"line":84,"column":30}},"42":{"start":{"line":101,"column":30},"end":{"line":108,"column":1}},"43":{"start":{"line":102,"column":13},"end":{"line":102,"column":36}},"44":{"start":{"line":103,"column":16},"end":{"line":103,"column":53}},"45":{"start":{"line":103,"column":41},"end":{"line":103,"column":52}},"46":{"start":{"line":104,"column":2},"end":{"line":104,"column":83}},"47":{"start":{"line":104,"column":20},"end":{"line":104,"column":83}},"48":{"start":{"line":106,"column":2},"end":{"line":106,"column":29}},"49":{"start":{"line":107,"column":2},"end":{"line":107,"column":69}},"50":{"start":{"line":101,"column":13},"end":{"line":101,"column":30}}},"fnMap":{"0":{"name":"(anonymous_0)","decl":{"start":{"line":51,"column":31},"end":{"line":51,"column":32}},"loc":{"start":{"line":51,"column":64},"end":{"line":53,"column":1}}},"1":{"name":"(anonymous_1)","decl":{"start":{"line":56,"column":31},"end":{"line":56,"column":32}},"loc":{"start":{"line":56,"column":63},"end":{"line":61,"column":1}}},"2":{"name":"(anonymous_2)","decl":{"start":{"line":58,"column":34},"end":{"line":58,"column":35}},"loc":{"start":{"line":58,"column":39},"end":{"line":58,"column":50}}},"3":{"name":"(anonymous_3)","decl":{"start":{"line":64,"column":30},"end":{"line":64,"column":31}},"loc":{"start":{"line":64,"column":62},"end":{"line":81,"column":1}}},"4":{"name":"(anonymous_4)","decl":{"start":{"line":71,"column":53},"end":{"line":71,"column":54}},"loc":{"start":{"line":71,"column":58},"end":{"line":71,"column":62}}},"5":{"name":"(anonymous_5)","decl":{"start":{"line":84,"column":30},"end":{"line":84,"column":31}},"loc":{"start":{"line":84,"column":62},"end":{"line":98,"column":1}}},"6":{"name":"(anonymous_6)","decl":{"start":{"line":86,"column":34},"end":{"line":86,"column":35}},"loc":{"start":{"line":86,"column":39},"end":{"line":86,"column":50}}},"7":{"name":"(anonymous_7)","decl":{"start":{"line":101,"column":30},"end":{"line":101,"column":31}},"loc":{"start":{"line":101,"column":62},"end":{"line":108,"column":1}}},"8":{"name":"(anonymous_8)","decl":{"start":{"line":103,"column":36},"end":{"line":103,"column":37}},"loc":{"start":{"line":103,"column":41},"end":{"line":103,"column":52}}}},"branchMap":{"0":{"loc":{"start":{"line":59,"column":2},"end":{"line":59,"column":80}},"type":"if","locations":[{"start":{"line":59,"column":2},"end":{"line":59,"column":80}},{"start":{},"end":{}}]},"1":{"loc":{"start":{"line":66,"column":2},"end":{"line":68,"column":3}},"type":"if","locations":[{"start":{"line":66,"column":2},"end":{"line":68,"column":3}},{"start":{},"end":{}}]},"2":{"loc":{"start":{"line":66,"column":6},"end":{"line":66,"column":72}},"type":"binary-expr","locations":[{"start":{"line":66,"column":6},"end":{"line":66,"column":11}},{"start":{"line":66,"column":15},"end":{"line":66,"column":24}},{"start":{"line":66,"column":28},"end":{"line":66,"column":39}},{"start":{"line":66,"column":43},"end":{"line":66,"column":49}},{"start":{"line":66,"column":53},"end":{"line":66,"column":59}},{"start":{"line":66,"column":63},"end":{"line":66,"column":72}}]},"3":{"loc":{"start":{"line":71,"column":8},"end":{"line":71,"column":72}},"type":"cond-expr","locations":[{"start":{"line":71,"column":27},"end":{"line":71,"column":68}},{"start":{"line":71,"column":71},"end":{"line":71,"column":72}}]},"4":{"loc":{"start":{"line":87,"column":2},"end":{"line":87,"column":80}},"type":"if","locations":[{"start":{"line":87,"column":2},"end":{"line":87,"column":80}},{"start":{},"end":{}}]},"5":{"loc":{"start":{"line":90,"column":2},"end":{"line":90,"column":33}},"type":"if","locations":[{"start":{"line":90,"column":2},"end":{"line":90,"column":33}},{"start":{},"end":{}}]},"6":{"loc":{"start":{"line":91,"column":2},"end":{"line":91,"column":45}},"type":"if","locations":[{"start":{"line":91,"column":2},"end":{"line":91,"column":45}},{"start":{},"end":{}}]},"7":{"loc":{"start":{"line":92,"column":2},"end":{"line":92,"column":51}},"type":"if","locations":[{"start":{"line":92,"column":2},"end":{"line":92,"column":51}},{"start":{},"end":{}}]},"8":{"loc":{"start":{"line":93,"column":2},"end":{"line":93,"column":36}},"type":"if","locations":[{"start":{"line":93,"column":2},"end":{"line":93,"column":36}},{"start":{},"end":{}}]},"9":{"loc":{"start":{"line":94,"column":2},"end":{"line":94,"column":36}},"type":"if","locations":[{"start":{"line":94,"column":2},"end":{"line":94,"column":36}},{"start":{},"end":{}}]},"10":{"loc":{"start":{"line":95,"column":2},"end":{"line":95,"column":45}},"type":"if","locations":[{"start":{"line":95,"column":2},"end":{"line":95,"column":45}},{"start":{},"end":{}}]},"11":{"loc":{"start":{"line":104,"column":2},"end":{"line":104,"column":83}},"type":"if","locations":[{"start":{"line":104,"column":2},"end":{"line":104,"column":83}},{"start":{},"end":{}}]}},"s":{"0":7,"1":7,"2":2,"3":7,"4":7,"5":3,"6":3,"7":38,"8":3,"9":0,"10":3,"11":7,"12":7,"13":2,"14":2,"15":0,"16":2,"17":70,"18":2,"19":2,"20":7,"21":7,"22":0,"23":0,"24":0,"25":0,"26":0,"27":0,"28":0,"29":0,"30":0,"31":0,"32":0,"33":0,"34":0,"35":0,"36":0,"37":0,"38":0,"39":0,"40":0,"41":7,"42":7,"43":0,"44":0,"45":0,"46":0,"47":0,"48":0,"49":0,"50":7},"f":{"0":2,"1":3,"2":38,"3":2,"4":70,"5":0,"6":0,"7":0,"8":0},"b":{"0":[0,3],"1":[0,2],"2":[2,2,2,2,2,2],"3":[2,0],"4":[0,0],"5":[0,0],"6":[0,0],"7":[0,0],"8":[0,0],"9":[0,0],"10":[0,0],"11":[0,0]}}
,"C:\\Users\\kaurs\\kaur_karmjeet_backend_assignment2\\src\\api\\v1\\routes\\branchRoutes.ts": {"path":"C:\\Users\\kaurs\\kaur_karmjeet_backend_assignment2\\src\\api\\v1\\routes\\branchRoutes.ts","statementMap":{"0":{"start":{"line":1,"column":0},"end":{"line":1,"column":30}},"1":{"start":{"line":2,"column":0},"end":{"line":2,"column":null}},"2":{"start":{"line":10,"column":15},"end":{"line":10,"column":31}},"3":{"start":{"line":12,"column":0},"end":{"line":12,"column":32}},"4":{"start":{"line":13,"column":0},"end":{"line":13,"column":34}},"5":{"start":{"line":14,"column":0},"end":{"line":14,"column":31}},"6":{"start":{"line":15,"column":0},"end":{"line":15,"column":33}},"7":{"start":{"line":16,"column":0},"end":{"line":16,"column":36}},"8":{"start":{"line":18,"column":0},"end":{"line":18,"column":22}}},"fnMap":{},"branchMap":{},"s":{"0":7,"1":7,"2":7,"3":7,"4":7,"5":7,"6":7,"7":7,"8":7},"f":{},"b":{}}
,"C:\\Users\\kaurs\\kaur_karmjeet_backend_assignment2\\src\\api\\v1\\routes\\employeeRoutes.ts": {"path":"C:\\Users\\kaurs\\kaur_karmjeet_backend_assignment2\\src\\api\\v1\\routes\\employeeRoutes.ts","statementMap":{"0":{"start":{"line":1,"column":0},"end":{"line":1,"column":30}},"1":{"start":{"line":2,"column":0},"end":{"line":2,"column":null}},"2":{"start":{"line":10,"column":15},"end":{"line":10,"column":31}},"3":{"start":{"line":12,"column":0},"end":{"line":12,"column":33}},"4":{"start":{"line":13,"column":0},"end":{"line":13,"column":36}},"5":{"start":{"line":14,"column":0},"end":{"line":14,"column":33}},"6":{"start":{"line":15,"column":0},"end":{"line":15,"column":35}},"7":{"start":{"line":16,"column":0},"end":{"line":16,"column":38}},"8":{"start":{"line":18,"column":0},"end":{"line":18,"column":22}}},"fnMap":{},"branchMap":{},"s":{"0":7,"1":7,"2":7,"3":7,"4":7,"5":7,"6":7,"7":7,"8":7},"f":{},"b":{}}
}
