TN:
SF:src\app.ts
FN:14,(anonymous_1)
FNF:1
FNH:1
FNDA:1,(anonymous_1)
DA:2,7
DA:3,7
DA:5,7
DA:6,7
DA:8,7
DA:10,7
DA:11,7
DA:14,7
DA:17,7
DA:18,7
DA:19,7
DA:20,7
DA:22,7
LF:13
LH:13
BRF:0
BRH:0
end_of_record
TN:
SF:src\api\v1\controllers\branchController.ts
FN:18,(anonymous_0)
FN:23,(anonymous_1)
FN:25,(anonymous_2)
FN:31,(anonymous_3)
FN:36,(anonymous_4)
FN:46,(anonymous_5)
FN:48,(anonymous_6)
FN:60,(anonymous_7)
FN:62,(anonymous_8)
FNF:9
FNH:9
FNDA:2,(anonymous_0)
FNDA:4,(anonymous_1)
FNDA:23,(anonymous_2)
FNDA:3,(anonymous_3)
FNDA:30,(anonymous_4)
FNDA:1,(anonymous_5)
FNDA:1,(anonymous_6)
FNDA:1,(anonymous_7)
FNDA:1,(anonymous_8)
DA:4,7
DA:18,7
DA:19,2
DA:23,7
DA:24,4
DA:25,23
DA:26,4
DA:27,3
DA:31,7
DA:32,3
DA:33,3
DA:35,3
DA:36,30
DA:41,3
DA:42,3
DA:46,7
DA:47,1
DA:48,1
DA:49,1
DA:51,1
DA:52,1
DA:53,1
DA:54,1
DA:56,1
DA:60,7
DA:61,1
DA:62,1
DA:63,1
DA:65,1
DA:66,1
LF:30
LH:30
BRDA:26,0,0,1
BRDA:26,0,1,3
BRDA:33,1,0,0
BRDA:33,1,1,3
BRDA:33,2,0,3
BRDA:33,2,1,3
BRDA:33,2,2,3
BRDA:36,3,0,3
BRDA:36,3,1,0
BRDA:49,4,0,0
BRDA:49,4,1,1
BRDA:52,5,0,0
BRDA:52,5,1,1
BRDA:53,6,0,0
BRDA:53,6,1,1
BRDA:54,7,0,1
BRDA:54,7,1,0
BRDA:63,8,0,0
BRDA:63,8,1,1
BRF:19
BRH:12
end_of_record
TN:
SF:src\api\v1\controllers\employeeController.ts
FN:51,(anonymous_0)
FN:56,(anonymous_1)
FN:58,(anonymous_2)
FN:64,(anonymous_3)
FN:72,(anonymous_4)
FN:85,(anonymous_5)
FN:87,(anonymous_6)
FN:102,(anonymous_7)
FN:104,(anonymous_8)
FN:110,(anonymous_9)
FN:114,(anonymous_10)
FN:124,(anonymous_11)
FN:129,(anonymous_12)
FNF:13
FNH:9
FNDA:2,(anonymous_0)
FNDA:3,(anonymous_1)
FNDA:38,(anonymous_2)
FNDA:2,(anonymous_3)
FNDA:70,(anonymous_4)
FNDA:0,(anonymous_5)
FNDA:0,(anonymous_6)
FNDA:0,(anonymous_7)
FNDA:0,(anonymous_8)
FNDA:1,(anonymous_9)
FNDA:36,(anonymous_10)
FNDA:1,(anonymous_11)
FNDA:36,(anonymous_12)
DA:12,7
DA:51,7
DA:52,2
DA:56,7
DA:57,3
DA:58,38
DA:59,3
DA:60,3
DA:64,7
DA:65,2
DA:66,2
DA:67,0
DA:71,2
DA:72,70
DA:80,2
DA:81,2
DA:85,7
DA:86,0
DA:87,0
DA:88,0
DA:90,0
DA:91,0
DA:92,0
DA:93,0
DA:94,0
DA:95,0
DA:96,0
DA:98,0
DA:102,7
DA:103,0
DA:104,0
DA:105,0
DA:107,0
DA:108,0
DA:110,7
DA:111,1
DA:112,1
DA:114,36
DA:116,1
DA:117,0
DA:120,1
DA:124,7
DA:125,1
DA:126,1
DA:128,1
DA:129,36
DA:132,1
DA:133,0
DA:136,1
LF:49
LH:30
BRDA:59,0,0,0
BRDA:59,0,1,3
BRDA:66,1,0,0
BRDA:66,1,1,2
BRDA:66,2,0,2
BRDA:66,2,1,2
BRDA:66,2,2,2
BRDA:66,2,3,2
BRDA:66,2,4,2
BRDA:66,2,5,2
BRDA:72,3,0,2
BRDA:72,3,1,0
BRDA:88,4,0,0
BRDA:88,4,1,0
BRDA:91,5,0,0
BRDA:91,5,1,0
BRDA:92,6,0,0
BRDA:92,6,1,0
BRDA:93,7,0,0
BRDA:93,7,1,0
BRDA:94,8,0,0
BRDA:94,8,1,0
BRDA:95,9,0,0
BRDA:95,9,1,0
BRDA:96,10,0,0
BRDA:96,10,1,0
BRDA:105,11,0,0
BRDA:105,11,1,0
BRDA:112,12,0,0
BRDA:112,12,1,1
BRDA:116,13,0,0
BRDA:116,13,1,1
BRDA:126,14,0,0
BRDA:126,14,1,1
BRDA:132,15,0,0
BRDA:132,15,1,1
BRF:36
BRH:13
end_of_record
TN:
SF:src\api\v1\routes\branchRoutes.ts
FNF:0
FNH:0
DA:1,7
DA:2,7
DA:10,7
DA:12,7
DA:13,7
DA:14,7
DA:15,7
DA:16,7
DA:18,7
LF:9
LH:9
BRF:0
BRH:0
end_of_record
TN:
SF:src\api\v1\routes\employeeRoutes.ts
FNF:0
FNH:0
DA:1,7
DA:2,7
DA:12,7
DA:14,7
DA:15,7
DA:16,7
DA:17,7
DA:18,7
DA:20,7
DA:21,7
DA:23,7
LF:11
LH:11
BRF:0
BRH:0
end_of_record
